2023-04-02 21:32:28.970743 - Initialized conversion of CBT096
2023-04-02 21:32:29.357277 - Received CBT.V504.FILE096.PDS from FILE096.XMI 
2023-04-02 21:32:29.360278 - Found $$$$DOC.txt (text/plain) in CBT.V504.FILE096.PDS, moved to PDS/$$$$DOC
2023-04-02 21:32:29.361370 - Found $$$#DATE.txt (text/plain) in CBT.V504.FILE096.PDS, moved to PDS/$$$#DATE
2023-04-02 21:32:29.362525 - Found $$$INDEX.txt (text/plain) in CBT.V504.FILE096.PDS, moved to PDS/$$$INDEX
2023-04-02 21:32:29.363623 - Found $$COPYRT.txt (text/plain) in CBT.V504.FILE096.PDS, moved to PDS/$$COPYRT
2023-04-02 21:32:29.364623 - Found @DADSM.txt (text/plain) in CBT.V504.FILE096.PDS, moved to PDS/@DADSM
2023-04-02 21:32:29.365667 - Found @DADSMMD.txt (text/plain) in CBT.V504.FILE096.PDS, moved to PDS/@DADSMMD
2023-04-02 21:32:29.366571 - Found @FILE096.txt (text/plain) in CBT.V504.FILE096.PDS, moved to PDS/@FILE096
2023-04-02 21:32:29.367662 - Found @HCCRCCK.jcl (text/plain) in CBT.V504.FILE096.PDS, moved to PDS/@HCCRCCK
2023-04-02 21:32:29.368720 - Found @IEFUJV.txt (text/plain) in CBT.V504.FILE096.PDS, moved to PDS/@IEFUJV
2023-04-02 21:32:29.369824 - Found @INIDASD.txt (text/plain) in CBT.V504.FILE096.PDS, moved to PDS/@INIDASD
2023-04-02 21:32:29.370845 - Found @INITSYS.txt (text/plain) in CBT.V504.FILE096.PDS, moved to PDS/@INITSYS
2023-04-02 21:32:29.371893 - Found @JESCKPT.txt (text/plain) in CBT.V504.FILE096.PDS, moved to PDS/@JESCKPT
2023-04-02 21:32:29.372954 - Found @JESPARM.txt (text/plain) in CBT.V504.FILE096.PDS, moved to PDS/@JESPARM
2023-04-02 21:32:29.373870 - Found @JESSMF.jcl (text/plain) in CBT.V504.FILE096.PDS, moved to PDS/@JESSMF
2023-04-02 21:32:29.374816 - Found @NCTDOC.txt (text/plain) in CBT.V504.FILE096.PDS, moved to PDS/@NCTDOC
2023-04-02 21:32:29.375848 - Found ATTCHATH.txt (text/plain) in CBT.V504.FILE096.PDS, moved to PDS/ATTCHATH
2023-04-02 21:32:29.376815 - Found CONNECT.txt (text/plain) in CBT.V504.FILE096.PDS, moved to PDS/CONNECT
2023-04-02 21:32:29.377773 - Found DADSMBLK.txt (text/plain) in CBT.V504.FILE096.PDS, moved to PDS/DADSMBLK
2023-04-02 21:32:29.378713 - Found DADSMMOD.txt (text/plain) in CBT.V504.FILE096.PDS, moved to PDS/DADSMMOD
2023-04-02 21:32:29.379710 - Found DSAD.txt (text/plain) in CBT.V504.FILE096.PDS, moved to PDS/DSAD
2023-04-02 21:32:29.380953 - Found EQUREGS.txt (text/plain) in CBT.V504.FILE096.PDS, moved to PDS/EQUREGS
2023-04-02 21:32:29.381892 - Found FINDCHR.txt (text/plain) in CBT.V504.FILE096.PDS, moved to PDS/FINDCHR
2023-04-02 21:32:29.382805 - Found HCCDADSM.txt (text/plain) in CBT.V504.FILE096.PDS, moved to PDS/HCCDADSM
2023-04-02 21:32:29.383788 - Found HCCRCCK.txt (text/plain) in CBT.V504.FILE096.PDS, moved to PDS/HCCRCCK
2023-04-02 21:32:29.384935 - Found HJUX2530.txt (text/plain) in CBT.V504.FILE096.PDS, moved to PDS/HJUX2530
2023-04-02 21:32:29.385871 - Found IEFUJV.txt (text/plain) in CBT.V504.FILE096.PDS, moved to PDS/IEFUJV
2023-04-02 21:32:29.386777 - Found IGGPRE00.txt (text/plain) in CBT.V504.FILE096.PDS, moved to PDS/IGGPRE00
2023-04-02 21:32:29.388088 - Found INIDADSM.txt (text/plain) in CBT.V504.FILE096.PDS, moved to PDS/INIDADSM
2023-04-02 21:32:29.389159 - Found INITNCT.txt (text/plain) in CBT.V504.FILE096.PDS, moved to PDS/INITNCT
2023-04-02 21:32:29.390089 - Found IPLDATE.txt (text/plain) in CBT.V504.FILE096.PDS, moved to PDS/IPLDATE
2023-04-02 21:32:29.391058 - Found KEYWORD.txt (text/plain) in CBT.V504.FILE096.PDS, moved to PDS/KEYWORD
2023-04-02 21:32:29.392220 - Found KWDREPL.txt (text/plain) in CBT.V504.FILE096.PDS, moved to PDS/KWDREPL
2023-04-02 21:32:29.393221 - Found KWDTABLE.txt (text/plain) in CBT.V504.FILE096.PDS, moved to PDS/KWDTABLE
2023-04-02 21:32:29.394132 - Found MDL0101.txt (text/plain) in CBT.V504.FILE096.PDS, moved to PDS/MDL0101
2023-04-02 21:32:29.395069 - Found MDL0103.txt (text/plain) in CBT.V504.FILE096.PDS, moved to PDS/MDL0103
2023-04-02 21:32:29.396021 - Found MJL1401.txt (text/plain) in CBT.V504.FILE096.PDS, moved to PDS/MJL1401
2023-04-02 21:32:29.396977 - Found MJL1501.txt (text/plain) in CBT.V504.FILE096.PDS, moved to PDS/MJL1501
2023-04-02 21:32:29.397857 - Found MSL0101.txt (text/plain) in CBT.V504.FILE096.PDS, moved to PDS/MSL0101
2023-04-02 21:32:29.398832 - Found MSL0103.txt (text/plain) in CBT.V504.FILE096.PDS, moved to PDS/MSL0103
2023-04-02 21:32:29.399808 - Found NCT.txt (text/plain) in CBT.V504.FILE096.PDS, moved to PDS/NCT
2023-04-02 21:32:29.400690 - Found PDUMP.txt (text/plain) in CBT.V504.FILE096.PDS, moved to PDS/PDUMP
2023-04-02 21:32:29.401554 - Found PLIARRV.txt (text/plain) in CBT.V504.FILE096.PDS, moved to PDS/PLIARRV
2023-04-02 21:32:29.402520 - Found PLIRETN.txt (text/plain) in CBT.V504.FILE096.PDS, moved to PDS/PLIRETN
2023-04-02 21:32:29.403921 - Found RELEASE.txt (text/plain) in CBT.V504.FILE096.PDS, moved to PDS/RELEASE
2023-04-02 21:32:29.404944 - Found SETAMODE.txt (text/plain) in CBT.V504.FILE096.PDS, moved to PDS/SETAMODE
2023-04-02 21:32:29.405922 - Found TRIM.txt (text/plain) in CBT.V504.FILE096.PDS, moved to PDS/TRIM
2023-04-02 21:32:29.407046 - Found TSJESSMF.txt (text/plain) in CBT.V504.FILE096.PDS, moved to PDS/TSJESSMF
2023-04-02 21:32:29.407970 - Found TYPE.txt (text/plain) in CBT.V504.FILE096.PDS, moved to PDS/TYPE
